<?xml version="1.0" encoding="UTF-8"?>
<testng-results ignored="0" total="10" passed="10" failed="0" skipped="0">
  <reporter-output>
  </reporter-output>
  <suite started-at="2022-08-16T09:44:44 IST" name="Default Suite" finished-at="2022-08-16T09:45:04 IST" duration-ms="20422">
    <groups>
      <group name="cucumber">
        <method signature="AbstractTestNGCucumberTests.runScenario(io.cucumber.testng.PickleWrapper,io.cucumber.testng.FeatureWrapper)[pri:0, instance:runner.TestRunner@5d740a0f]" name="runScenario" class="io.cucumber.testng.AbstractTestNGCucumberTests"/>
      </group> <!-- cucumber -->
    </groups>
    <test started-at="2022-08-16T09:44:44 IST" name="StudentController" finished-at="2022-08-16T09:45:04 IST" duration-ms="20422">
      <class name="runner.TestRunner">
        <test-method is-config="true" signature="setUpClass()[pri:0, instance:runner.TestRunner@5d740a0f]" started-at="2022-08-16T09:44:48 IST" name="setUpClass" finished-at="2022-08-16T09:44:49 IST" duration-ms="1160" status="PASS">
          <reporter-output>
          </reporter-output>
        </test-method> <!-- setUpClass -->
        <test-method signature="runScenario(io.cucumber.testng.PickleWrapper,io.cucumber.testng.FeatureWrapper)[pri:0, instance:runner.TestRunner@5d740a0f]" started-at="2022-08-16T09:44:49 IST" name="runScenario" description="Runs Cucumber Scenarios" data-provider="scenarios" finished-at="2022-08-16T09:44:56 IST" duration-ms="6943" status="PASS">
          <params>
            <param index="0">
              <value>
                <![CDATA["Verify that student details are created successfully"]]>
              </value>
            </param>
            <param index="1">
              <value>
                <![CDATA["Optional[Student Controller Feature]"]]>
              </value>
            </param>
          </params>
          <reporter-output>
          </reporter-output>
        </test-method> <!-- runScenario -->
        <test-method signature="runScenario(io.cucumber.testng.PickleWrapper,io.cucumber.testng.FeatureWrapper)[pri:0, instance:runner.TestRunner@5d740a0f]" started-at="2022-08-16T09:44:56 IST" name="runScenario" description="Runs Cucumber Scenarios" data-provider="scenarios" finished-at="2022-08-16T09:44:56 IST" duration-ms="410" status="PASS">
          <params>
            <param index="0">
              <value>
                <![CDATA["Verify that student details are getting successfully"]]>
              </value>
            </param>
            <param index="1">
              <value>
                <![CDATA["Optional[Student Controller Feature]"]]>
              </value>
            </param>
          </params>
          <reporter-output>
          </reporter-output>
        </test-method> <!-- runScenario -->
        <test-method signature="runScenario(io.cucumber.testng.PickleWrapper,io.cucumber.testng.FeatureWrapper)[pri:0, instance:runner.TestRunner@5d740a0f]" started-at="2022-08-16T09:44:56 IST" name="runScenario" description="Runs Cucumber Scenarios" data-provider="scenarios" finished-at="2022-08-16T09:44:57 IST" duration-ms="512" status="PASS">
          <params>
            <param index="0">
              <value>
                <![CDATA["Verify that student details are updated successfully."]]>
              </value>
            </param>
            <param index="1">
              <value>
                <![CDATA["Optional[Student Controller Feature]"]]>
              </value>
            </param>
          </params>
          <reporter-output>
          </reporter-output>
        </test-method> <!-- runScenario -->
        <test-method signature="runScenario(io.cucumber.testng.PickleWrapper,io.cucumber.testng.FeatureWrapper)[pri:0, instance:runner.TestRunner@5d740a0f]" started-at="2022-08-16T09:44:57 IST" name="runScenario" description="Runs Cucumber Scenarios" data-provider="scenarios" finished-at="2022-08-16T09:44:57 IST" duration-ms="510" status="PASS">
          <params>
            <param index="0">
              <value>
                <![CDATA["Verify the student details are deleted."]]>
              </value>
            </param>
            <param index="1">
              <value>
                <![CDATA["Optional[Student Controller Feature]"]]>
              </value>
            </param>
          </params>
          <reporter-output>
          </reporter-output>
        </test-method> <!-- runScenario -->
        <test-method signature="runScenario(io.cucumber.testng.PickleWrapper,io.cucumber.testng.FeatureWrapper)[pri:0, instance:runner.TestRunner@5d740a0f]" started-at="2022-08-16T09:44:57 IST" name="runScenario" description="Runs Cucumber Scenarios" data-provider="scenarios" finished-at="2022-08-16T09:44:58 IST" duration-ms="342" status="PASS">
          <params>
            <param index="0">
              <value>
                <![CDATA["Verify the error is thrown when the name field is not given."]]>
              </value>
            </param>
            <param index="1">
              <value>
                <![CDATA["Optional[Student Controller Feature]"]]>
              </value>
            </param>
          </params>
          <reporter-output>
          </reporter-output>
        </test-method> <!-- runScenario -->
        <test-method signature="runScenario(io.cucumber.testng.PickleWrapper,io.cucumber.testng.FeatureWrapper)[pri:0, instance:runner.TestRunner@5d740a0f]" started-at="2022-08-16T09:44:58 IST" name="runScenario" description="Runs Cucumber Scenarios" data-provider="scenarios" finished-at="2022-08-16T09:44:59 IST" duration-ms="1070" status="PASS">
          <params>
            <param index="0">
              <value>
                <![CDATA["Verify the error is thrown when the age field is not given."]]>
              </value>
            </param>
            <param index="1">
              <value>
                <![CDATA["Optional[Student Controller Feature]"]]>
              </value>
            </param>
          </params>
          <reporter-output>
          </reporter-output>
        </test-method> <!-- runScenario -->
        <test-method signature="runScenario(io.cucumber.testng.PickleWrapper,io.cucumber.testng.FeatureWrapper)[pri:0, instance:runner.TestRunner@5d740a0f]" started-at="2022-08-16T09:44:59 IST" name="runScenario" description="Runs Cucumber Scenarios" data-provider="scenarios" finished-at="2022-08-16T09:44:59 IST" duration-ms="139" status="PASS">
          <params>
            <param index="0">
              <value>
                <![CDATA["Verify the error is thrown when the email field is not given."]]>
              </value>
            </param>
            <param index="1">
              <value>
                <![CDATA["Optional[Student Controller Feature]"]]>
              </value>
            </param>
          </params>
          <reporter-output>
          </reporter-output>
        </test-method> <!-- runScenario -->
        <test-method signature="runScenario(io.cucumber.testng.PickleWrapper,io.cucumber.testng.FeatureWrapper)[pri:0, instance:runner.TestRunner@5d740a0f]" started-at="2022-08-16T09:44:59 IST" name="runScenario" description="Runs Cucumber Scenarios" data-provider="scenarios" finished-at="2022-08-16T09:44:59 IST" duration-ms="280" status="PASS">
          <params>
            <param index="0">
              <value>
                <![CDATA["Verify the error is thrown when the id is not given."]]>
              </value>
            </param>
            <param index="1">
              <value>
                <![CDATA["Optional[Student Controller Feature]"]]>
              </value>
            </param>
          </params>
          <reporter-output>
          </reporter-output>
        </test-method> <!-- runScenario -->
        <test-method signature="runScenario(io.cucumber.testng.PickleWrapper,io.cucumber.testng.FeatureWrapper)[pri:0, instance:runner.TestRunner@5d740a0f]" started-at="2022-08-16T09:44:59 IST" name="runScenario" description="Runs Cucumber Scenarios" data-provider="scenarios" finished-at="2022-08-16T09:45:00 IST" duration-ms="764" status="PASS">
          <params>
            <param index="0">
              <value>
                <![CDATA["Verify the path param is required for student updation."]]>
              </value>
            </param>
            <param index="1">
              <value>
                <![CDATA["Optional[Student Controller Feature]"]]>
              </value>
            </param>
          </params>
          <reporter-output>
          </reporter-output>
        </test-method> <!-- runScenario -->
        <test-method signature="runScenario(io.cucumber.testng.PickleWrapper,io.cucumber.testng.FeatureWrapper)[pri:0, instance:runner.TestRunner@5d740a0f]" started-at="2022-08-16T09:45:00 IST" name="runScenario" description="Runs Cucumber Scenarios" data-provider="scenarios" finished-at="2022-08-16T09:45:00 IST" duration-ms="470" status="PASS">
          <params>
            <param index="0">
              <value>
                <![CDATA["Verify the path param is required for student deletion."]]>
              </value>
            </param>
            <param index="1">
              <value>
                <![CDATA["Optional[Student Controller Feature]"]]>
              </value>
            </param>
          </params>
          <reporter-output>
          </reporter-output>
        </test-method> <!-- runScenario -->
        <test-method is-config="true" signature="tearDownClass()[pri:0, instance:runner.TestRunner@5d740a0f]" started-at="2022-08-16T09:45:00 IST" name="tearDownClass" finished-at="2022-08-16T09:45:04 IST" duration-ms="3764" status="PASS">
          <reporter-output>
          </reporter-output>
        </test-method> <!-- tearDownClass -->
      </class> <!-- runner.TestRunner -->
    </test> <!-- StudentController -->
  </suite> <!-- Default Suite -->
</testng-results>
